<?xml version="1.0" encoding="UTF-8"?>
<!-- Generated by org.testng.reporters.JUnitReportReporter -->
<testsuite hostname="SachinPardeshi" failures="0" tests="2" name="testCases.TestOrderCaseAmazon" time="21.245" errors="0" timestamp="19 Jan 2025 10:03:19 GMT" skipped="0">
  <testcase classname="testCases.TestOrderCaseAmazon" name="test" time="17.751"/>
  <testcase classname="testCases.TestOrderCaseAmazon" name="searchProduct" time="3.494"/>
</testsuite> <!-- testCases.TestOrderCaseAmazon -->
