<?xml version="1.0" encoding="UTF-8"?>
<!-- Generated by org.testng.reporters.JUnitReportReporter -->
<testsuite hostname="SachinPardeshi" failures="0" tests="1" name="baseClass.BaseClass" time="11.449" errors="0" timestamp="28 Dec 2024 10:39:20 GMT" skipped="0">
  <testcase classname="baseClass.BaseClass" name="launchTheApplication" time="11.449"/>
</testsuite> <!-- baseClass.BaseClass -->
