<?xml version="1.0" encoding="UTF-8"?>
<!-- Generated by org.testng.reporters.JUnitReportReporter -->
<testsuite hostname="SachinPardeshi" failures="0" tests="11" name="testCases.ErrorValidations" time="80.624" errors="0" timestamp="02 Feb 2025 10:51:21 GMT" skipped="1">
  <testcase classname="testCases.ErrorValidations" name="validateAllErrorMessages" time="7.338"/>
  <testcase classname="testCases.ErrorValidations" name="validateAllErrorMessages" time="5.451">
    <skipped/>
  </testcase> <!-- validateAllErrorMessages -->
  <testcase classname="testCases.ErrorValidations" name="validateAllErrorMessages" time="7.173"/>
  <testcase classname="testCases.ErrorValidations" name="validateAllErrorMessages" time="8.013"/>
  <testcase classname="testCases.ErrorValidations" name="validateAllErrorMessages" time="7.637"/>
  <testcase classname="testCases.ErrorValidations" name="validateAllErrorMessages" time="7.195"/>
  <testcase classname="testCases.ErrorValidations" name="validateAllErrorMessages" time="9.226"/>
  <testcase classname="testCases.ErrorValidations" name="validateAllErrorMessages" time="7.480"/>
  <testcase classname="testCases.ErrorValidations" name="validateAllErrorMessages" time="7.164"/>
  <testcase classname="testCases.ErrorValidations" name="validateAllErrorMessages" time="6.447"/>
  <testcase classname="testCases.ErrorValidations" name="validateAllErrorMessages" time="7.500"/>
</testsuite> <!-- testCases.ErrorValidations -->
