<?xml version="1.0" encoding="UTF-8"?>
<!-- Generated by org.testng.reporters.JUnitReportReporter -->
<testsuite hostname="SachinPardeshi" failures="0" tests="2" name="testCases.TestOrderCaseAmazon" time="24.596" errors="0" timestamp="24 Jan 2025 18:06:52 GMT" skipped="0">
  <testcase classname="testCases.TestOrderCaseAmazon" name="searchProduct" time="5.761"/>
  <testcase classname="testCases.TestOrderCaseAmazon" name="test" time="18.835"/>
</testsuite> <!-- testCases.TestOrderCaseAmazon -->
